<?xml version="1.0" encoding="UTF-8"?>
<testsuite xmlns:xsi="http://www.w3.org/2001/XMLSchema-instance" xsi:noNamespaceSchemaLocation="https://maven.apache.org/surefire/maven-surefire-plugin/xsd/surefire-test-report-3.0.xsd" version="3.0" name="com.minimarket.minimarket_segu.modelo.DetalleVentaTest" time="0.024" tests="5" errors="0" skipped="0" failures="0">
  <properties>
[...]
</properties>
  <testcase name="isStockSuficienteReturnsTrueWhenNoProductOrEnoughStock" classname="com.minimarket.minimarket_segu.modelo.DetalleVentaTest" time="0.01"/>
  <testcase name="getDescuentoVolumenAppliesFivePercentWhenCantidadIsAtLeastTwelve" classname="com.minimarket.minimarket_segu.modelo.DetalleVentaTest" time="0.005"/>
  <testcase name="isCantidadValidaRejectsZeroOrNegativeValues" classname="com.minimarket.minimarket_segu.modelo.DetalleVentaTest" time="0.001"/>
  <testcase name="getSubtotalAccountsForQuantityPriceAndDiscount" classname="com.minimarket.minimarket_segu.modelo.DetalleVentaTest" time="0.001"/>
  <testcase name="getPrecioUsesMayoristaPriceForMayoristaClients" classname="com.minimarket.minimarket_segu.modelo.DetalleVentaTest" time="0.004"/>
</testsuite>